
=================== Simulator Command Section =====================

Continuous Full Tracing On: 0

=================== Micro Memory Section =====================

    :   c  i a     s            c    b    a          : 
    :   o  n m  a  h mm    e    c    b    a          : 
  l :   n  t u  l  f ba rw n    c    b    a          : 
  c :   d  r x  u  t rr dr c    c    b    a    addr4 : 
--- : --- -- - -- -- -- -- - ---- ---- ---- -------- : 

    :   i a     s            c    b    a         
    :   o  n m  a  h mm    e    c    b    a         
    :   n  t u  l  f ba rw n    c    b    a         
    :   d  r x  u  t rr dr c    c    b    a    addr4
    : --- -- - -- -- -- -- - ---- ---- ---- --------
  0 : 011 00 0 00 00 00 00 1 0000 0101 0101 00000100 :  pc := (  0+  0); 
    :                                                : JMP    4;
    * 
    :  start of loop
  4 : 000 00 0 00 00 01 00 0 0000 0000 0000 00000000 : mar :=  pc; 
  5 : 000 00 0 00 00 00 00 1 0000 0110 0000 00000000 :  pc := ( pc+ +1); 
  6 : 000 00 0 00 00 00 10 0 0000 0000 0000 00000000 : rd; 
  7 : 000 00 0 00 00 00 10 0 0000 0000 0000 00000000 : rd; 
  8 : 011 00 1 00 00 00 00 1 0011 0101 0000 00001100 :  ir := (mbr+  0); 
    :                                                : JMP   12;
    * 
    :  End of fetch
 12 : 100  00001101   11111111   11111111   11111111 : JIR[7:6]  13 255 255 255
 13 : 101  00001110   11111111   11111111   11111111 : JIR[5:4]  14 255 255 255
 14 : 011 00 0 00 00 00 00 0 0000 0000 0000 00000100 : JMP    4;

=================== Main Memory Section =====================

  0 : 00000100 : 04=+004 : br
  1 : 00000010 : 02=+002 :  <==>               nop
  2 : 00000100 : 04=+004 : br
  3 : 00001001 : 09=+009 :  <==>               brr gr1
  4 : 00000000 : 00=+000 : hlt
  5 : 00000100 : 04=+004 : br
  6 : 00000111 : 07=+007 :  <==>               bz
  7 : 00000000 : 00=+000 : hlt
  8 : 00000000 : 00=+000 : hlt
  9 : 00000001 : 01=+001 : nop
 10 : 00000100 : 04=+004 : br
 11 : 00000101 : 05=+005 :  <==>               bneg

=================== Input Specification Section =====================




=================== Tracing Output Section =====================

mpc : cycle : 
  0 :     0 :  pc := (  0+  0); JMP    4;
            : alt:00=+000; blt:00=+000; amx:00=+000; alu:00=+000; sft:00=+000; 
            :  pc:00=+000;  ac:???????;  sp:???????;  ir:???????; tir:???????; 
            :  t1:???????;  t2:???????;  t3:???????; psw:???????; 
            : gr0:???????; gr1:???????; gr2:???????; gr3:???????; 
            : mar:???????; mbr:???????
            : rcs:10000000 rbf:00=+000; xcs:10000000 xbf:00=+000; int: 000; 

  4 :     1 : mar :=  pc; 
            : alt:00=+000; blt:00=+000; amx:00=+000; alu:00=+000; sft:00=+000; 
            :  pc:00=+000;  ac:???????;  sp:???????;  ir:???????; tir:???????; 
            :  t1:???????;  t2:???????;  t3:???????; psw:???????; 
            : gr0:???????; gr1:???????; gr2:???????; gr3:???????; 
            : mar:00=+000; mbr:???????
            : rcs:10000000 rbf:00=+000; xcs:10000000 xbf:00=+000; int: 000; 

  5 :     2 :  pc := ( pc+ +1); 
            : alt:00=+000; blt:01=+001; amx:00=+000; alu:01=+001; sft:01=+001; 
            :  pc:01=+001;  ac:???????;  sp:???????;  ir:???????; tir:???????; 
            :  t1:???????;  t2:???????;  t3:???????; psw:???????; 
            : gr0:???????; gr1:???????; gr2:???????; gr3:???????; 
            : mar:00=+000; mbr:???????
            : rcs:10000000 rbf:00=+000; xcs:10000000 xbf:00=+000; int: 000; 

  6 :     3 : rd; 
            : alt:01=+001; blt:01=+001; amx:01=+001; alu:02=+002; sft:02=+002; 
            :  pc:01=+001;  ac:???????;  sp:???????;  ir:???????; tir:???????; 
            :  t1:???????;  t2:???????;  t3:???????; psw:???????; 
            : gr0:???????; gr1:???????; gr2:???????; gr3:???????; 
            : mar:00=+000; mbr:changin
            : rcs:10000000 rbf:00=+000; xcs:10000000 xbf:00=+000; int: 000; 

  7 :     4 : rd; 
            : alt:01=+001; blt:01=+001; amx:01=+001; alu:02=+002; sft:02=+002; 
            :  pc:01=+001;  ac:???????;  sp:???????;  ir:???????; tir:???????; 
            :  t1:???????;  t2:???????;  t3:???????; psw:???????; 
            : gr0:???????; gr1:???????; gr2:???????; gr3:???????; 
            : mar:00=+000; mbr:04=+004
            : rcs:10000000 rbf:00=+000; xcs:10000000 xbf:00=+000; int: 000; 

  8 :     5 :  ir := (mbr+  0); JMP   12;
            : alt:01=+001; blt:00=+000; amx:04=+004; alu:04=+004; sft:04=+004; 
            :  pc:01=+001;  ac:???????;  sp:???????;  ir:04=+004; tir:???????; 
            :  t1:???????;  t2:???????;  t3:???????; psw:???????; 
            : gr0:???????; gr1:???????; gr2:???????; gr3:???????; 
            : mar:00=+000; mbr:04=+004
            : rcs:10000000 rbf:00=+000; xcs:10000000 xbf:00=+000; int: 000; 

 12 :     6 : JIR[7:6]  13 255 255 255
            : alt:01=+001; blt:00=+000; amx:04=+004; alu:04=+004; sft:04=+004; 
            :  pc:01=+001;  ac:???????;  sp:???????;  ir:04=+004; tir:???????; 
            :  t1:???????;  t2:???????;  t3:???????; psw:???????; 
            : gr0:???????; gr1:???????; gr2:???????; gr3:???????; 
            : mar:00=+000; mbr:04=+004
            : rcs:10000000 rbf:00=+000; xcs:10000000 xbf:00=+000; int: 000; 

 13 :     7 : JIR[5:4]  14 255 255 255
            : alt:01=+001; blt:00=+000; amx:04=+004; alu:04=+004; sft:04=+004; 
            :  pc:01=+001;  ac:???????;  sp:???????;  ir:04=+004; tir:???????; 
            :  t1:???????;  t2:???????;  t3:???????; psw:???????; 
            : gr0:???????; gr1:???????; gr2:???????; gr3:???????; 
            : mar:00=+000; mbr:04=+004
            : rcs:10000000 rbf:00=+000; xcs:10000000 xbf:00=+000; int: 000; 

 14 :     8 : JMP    4;
            : alt:01=+001; blt:01=+001; amx:01=+001; alu:02=+002; sft:02=+002; 
            :  pc:01=+001;  ac:???????;  sp:???????;  ir:04=+004; tir:???????; 
            :  t1:???????;  t2:???????;  t3:???????; psw:???????; 
            : gr0:???????; gr1:???????; gr2:???????; gr3:???????; 
            : mar:00=+000; mbr:04=+004
            : rcs:10000000 rbf:00=+000; xcs:10000000 xbf:00=+000; int: 000; 

  4 :     9 : mar :=  pc; 
            : alt:01=+001; blt:01=+001; amx:01=+001; alu:02=+002; sft:02=+002; 
            :  pc:01=+001;  ac:???????;  sp:???????;  ir:04=+004; tir:???????; 
            :  t1:???????;  t2:???????;  t3:???????; psw:???????; 
            : gr0:???????; gr1:???????; gr2:???????; gr3:???????; 
            : mar:01=+001; mbr:04=+004
            : rcs:10000000 rbf:00=+000; xcs:10000000 xbf:00=+000; int: 000; 

  5 :    10 :  pc := ( pc+ +1); 
            : alt:01=+001; blt:01=+001; amx:01=+001; alu:02=+002; sft:02=+002; 
            :  pc:02=+002;  ac:???????;  sp:???????;  ir:04=+004; tir:???????; 
            :  t1:???????;  t2:???????;  t3:???????; psw:???????; 
            : gr0:???????; gr1:???????; gr2:???????; gr3:???????; 
            : mar:01=+001; mbr:04=+004
            : rcs:10000000 rbf:00=+000; xcs:10000000 xbf:00=+000; int: 000; 

  6 :    11 : rd; 
            : alt:02=+002; blt:02=+002; amx:02=+002; alu:04=+004; sft:04=+004; 
            :  pc:02=+002;  ac:???????;  sp:???????;  ir:04=+004; tir:???????; 
            :  t1:???????;  t2:???????;  t3:???????; psw:???????; 
            : gr0:???????; gr1:???????; gr2:???????; gr3:???????; 
            : mar:01=+001; mbr:changin
            : rcs:10000000 rbf:00=+000; xcs:10000000 xbf:00=+000; int: 000; 

  7 :    12 : rd; 
            : alt:02=+002; blt:02=+002; amx:02=+002; alu:04=+004; sft:04=+004; 
            :  pc:02=+002;  ac:???????;  sp:???????;  ir:04=+004; tir:???????; 
            :  t1:???????;  t2:???????;  t3:???????; psw:???????; 
            : gr0:???????; gr1:???????; gr2:???????; gr3:???????; 
            : mar:01=+001; mbr:02=+002
            : rcs:10000000 rbf:00=+000; xcs:10000000 xbf:00=+000; int: 000; 

  8 :    13 :  ir := (mbr+  0); JMP   12;
            : alt:02=+002; blt:00=+000; amx:02=+002; alu:02=+002; sft:02=+002; 
            :  pc:02=+002;  ac:???????;  sp:???????;  ir:02=+002; tir:???????; 
            :  t1:???????;  t2:???????;  t3:???????; psw:???????; 
            : gr0:???????; gr1:???????; gr2:???????; gr3:???????; 
            : mar:01=+001; mbr:02=+002
            : rcs:10000000 rbf:00=+000; xcs:10000000 xbf:00=+000; int: 000; 

 12 :    14 : JIR[7:6]  13 255 255 255
            : alt:02=+002; blt:00=+000; amx:02=+002; alu:02=+002; sft:02=+002; 
            :  pc:02=+002;  ac:???????;  sp:???????;  ir:02=+002; tir:???????; 
            :  t1:???????;  t2:???????;  t3:???????; psw:???????; 
            : gr0:???????; gr1:???????; gr2:???????; gr3:???????; 
            : mar:01=+001; mbr:02=+002
            : rcs:10000000 rbf:00=+000; xcs:10000000 xbf:00=+000; int: 000; 

 13 :    15 : JIR[5:4]  14 255 255 255
            : alt:02=+002; blt:00=+000; amx:02=+002; alu:02=+002; sft:02=+002; 
            :  pc:02=+002;  ac:???????;  sp:???????;  ir:02=+002; tir:???????; 
            :  t1:???????;  t2:???????;  t3:???????; psw:???????; 
            : gr0:???????; gr1:???????; gr2:???????; gr3:???????; 
            : mar:01=+001; mbr:02=+002
            : rcs:10000000 rbf:00=+000; xcs:10000000 xbf:00=+000; int: 000; 

 14 :    16 : JMP    4;
            : alt:02=+002; blt:02=+002; amx:02=+002; alu:04=+004; sft:04=+004; 
            :  pc:02=+002;  ac:???????;  sp:???????;  ir:02=+002; tir:???????; 
            :  t1:???????;  t2:???????;  t3:???????; psw:???????; 
            : gr0:???????; gr1:???????; gr2:???????; gr3:???????; 
            : mar:01=+001; mbr:02=+002
            : rcs:10000000 rbf:00=+000; xcs:10000000 xbf:00=+000; int: 000; 

  4 :    17 : mar :=  pc; 
            : alt:02=+002; blt:02=+002; amx:02=+002; alu:04=+004; sft:04=+004; 
            :  pc:02=+002;  ac:???????;  sp:???????;  ir:02=+002; tir:???????; 
            :  t1:???????;  t2:???????;  t3:???????; psw:???????; 
            : gr0:???????; gr1:???????; gr2:???????; gr3:???????; 
            : mar:02=+002; mbr:02=+002
            : rcs:10000000 rbf:00=+000; xcs:10000000 xbf:00=+000; int: 000; 

  5 :    18 :  pc := ( pc+ +1); 
            : alt:02=+002; blt:01=+001; amx:02=+002; alu:03=+003; sft:03=+003; 
            :  pc:03=+003;  ac:???????;  sp:???????;  ir:02=+002; tir:???????; 
            :  t1:???????;  t2:???????;  t3:???????; psw:???????; 
            : gr0:???????; gr1:???????; gr2:???????; gr3:???????; 
            : mar:02=+002; mbr:02=+002
            : rcs:10000000 rbf:00=+000; xcs:10000000 xbf:00=+000; int: 000; 

  6 :    19 : rd; 
            : alt:03=+003; blt:03=+003; amx:03=+003; alu:06=+006; sft:06=+006; 
            :  pc:03=+003;  ac:???????;  sp:???????;  ir:02=+002; tir:???????; 
            :  t1:???????;  t2:???????;  t3:???????; psw:???????; 
            : gr0:???????; gr1:???????; gr2:???????; gr3:???????; 
            : mar:02=+002; mbr:changin
            : rcs:10000000 rbf:00=+000; xcs:10000000 xbf:00=+000; int: 000; 

  7 :    20 : rd; 
            : alt:03=+003; blt:03=+003; amx:03=+003; alu:06=+006; sft:06=+006; 
            :  pc:03=+003;  ac:???????;  sp:???????;  ir:02=+002; tir:???????; 
            :  t1:???????;  t2:???????;  t3:???????; psw:???????; 
            : gr0:???????; gr1:???????; gr2:???????; gr3:???????; 
            : mar:02=+002; mbr:04=+004
            : rcs:10000000 rbf:00=+000; xcs:10000000 xbf:00=+000; int: 000; 

  8 :    21 :  ir := (mbr+  0); JMP   12;
            : alt:03=+003; blt:00=+000; amx:04=+004; alu:04=+004; sft:04=+004; 
            :  pc:03=+003;  ac:???????;  sp:???????;  ir:04=+004; tir:???????; 
            :  t1:???????;  t2:???????;  t3:???????; psw:???????; 
            : gr0:???????; gr1:???????; gr2:???????; gr3:???????; 
            : mar:02=+002; mbr:04=+004
            : rcs:10000000 rbf:00=+000; xcs:10000000 xbf:00=+000; int: 000; 

 12 :    22 : JIR[7:6]  13 255 255 255
            : alt:03=+003; blt:00=+000; amx:04=+004; alu:04=+004; sft:04=+004; 
            :  pc:03=+003;  ac:???????;  sp:???????;  ir:04=+004; tir:???????; 
            :  t1:???????;  t2:???????;  t3:???????; psw:???????; 
            : gr0:???????; gr1:???????; gr2:???????; gr3:???????; 
            : mar:02=+002; mbr:04=+004
            : rcs:10000000 rbf:00=+000; xcs:10000000 xbf:00=+000; int: 000; 

 13 :    23 : JIR[5:4]  14 255 255 255
            : alt:03=+003; blt:00=+000; amx:04=+004; alu:04=+004; sft:04=+004; 
            :  pc:03=+003;  ac:???????;  sp:???????;  ir:04=+004; tir:???????; 
            :  t1:???????;  t2:???????;  t3:???????; psw:???????; 
            : gr0:???????; gr1:???????; gr2:???????; gr3:???????; 
            : mar:02=+002; mbr:04=+004
            : rcs:10000000 rbf:00=+000; xcs:10000000 xbf:00=+000; int: 000; 

 14 :    24 : JMP    4;
            : alt:03=+003; blt:03=+003; amx:03=+003; alu:06=+006; sft:06=+006; 
            :  pc:03=+003;  ac:???????;  sp:???????;  ir:04=+004; tir:???????; 
            :  t1:???????;  t2:???????;  t3:???????; psw:???????; 
            : gr0:???????; gr1:???????; gr2:???????; gr3:???????; 
            : mar:02=+002; mbr:04=+004
            : rcs:10000000 rbf:00=+000; xcs:10000000 xbf:00=+000; int: 000; 

  4 :    25 : mar :=  pc; 
            : alt:03=+003; blt:03=+003; amx:03=+003; alu:06=+006; sft:06=+006; 
            :  pc:03=+003;  ac:???????;  sp:???????;  ir:04=+004; tir:???????; 
            :  t1:???????;  t2:???????;  t3:???????; psw:???????; 
            : gr0:???????; gr1:???????; gr2:???????; gr3:???????; 
            : mar:03=+003; mbr:04=+004
            : rcs:10000000 rbf:00=+000; xcs:10000000 xbf:00=+000; int: 000; 

  5 :    26 :  pc := ( pc+ +1); 
            : alt:03=+003; blt:01=+001; amx:03=+003; alu:04=+004; sft:04=+004; 
            :  pc:04=+004;  ac:???????;  sp:???????;  ir:04=+004; tir:???????; 
            :  t1:???????;  t2:???????;  t3:???????; psw:???????; 
            : gr0:???????; gr1:???????; gr2:???????; gr3:???????; 
            : mar:03=+003; mbr:04=+004
            : rcs:10000000 rbf:00=+000; xcs:10000000 xbf:00=+000; int: 000; 

  6 :    27 : rd; 
            : alt:04=+004; blt:04=+004; amx:04=+004; alu:08=+008; sft:08=+008; 
            :  pc:04=+004;  ac:???????;  sp:???????;  ir:04=+004; tir:???????; 
            :  t1:???????;  t2:???????;  t3:???????; psw:???????; 
            : gr0:???????; gr1:???????; gr2:???????; gr3:???????; 
            : mar:03=+003; mbr:changin
            : rcs:10000000 rbf:00=+000; xcs:10000000 xbf:00=+000; int: 000; 

  7 :    28 : rd; 
            : alt:04=+004; blt:04=+004; amx:04=+004; alu:08=+008; sft:08=+008; 
            :  pc:04=+004;  ac:???????;  sp:???????;  ir:04=+004; tir:???????; 
            :  t1:???????;  t2:???????;  t3:???????; psw:???????; 
            : gr0:???????; gr1:???????; gr2:???????; gr3:???????; 
            : mar:03=+003; mbr:09=+009
            : rcs:10000000 rbf:00=+000; xcs:10000000 xbf:00=+000; int: 000; 

  8 :    29 :  ir := (mbr+  0); JMP   12;
            : alt:04=+004; blt:00=+000; amx:09=+009; alu:09=+009; sft:09=+009; 
            :  pc:04=+004;  ac:???????;  sp:???????;  ir:09=+009; tir:???????; 
            :  t1:???????;  t2:???????;  t3:???????; psw:???????; 
            : gr0:???????; gr1:???????; gr2:???????; gr3:???????; 
            : mar:03=+003; mbr:09=+009
            : rcs:10000000 rbf:00=+000; xcs:10000000 xbf:00=+000; int: 000; 

 12 :    30 : JIR[7:6]  13 255 255 255
            : alt:04=+004; blt:00=+000; amx:09=+009; alu:09=+009; sft:09=+009; 
            :  pc:04=+004;  ac:???????;  sp:???????;  ir:09=+009; tir:???????; 
            :  t1:???????;  t2:???????;  t3:???????; psw:???????; 
            : gr0:???????; gr1:???????; gr2:???????; gr3:???????; 
            : mar:03=+003; mbr:09=+009
            : rcs:10000000 rbf:00=+000; xcs:10000000 xbf:00=+000; int: 000; 

 13 :    31 : JIR[5:4]  14 255 255 255
            : alt:04=+004; blt:00=+000; amx:09=+009; alu:09=+009; sft:09=+009; 
            :  pc:04=+004;  ac:???????;  sp:???????;  ir:09=+009; tir:???????; 
            :  t1:???????;  t2:???????;  t3:???????; psw:???????; 
            : gr0:???????; gr1:???????; gr2:???????; gr3:???????; 
            : mar:03=+003; mbr:09=+009
            : rcs:10000000 rbf:00=+000; xcs:10000000 xbf:00=+000; int: 000; 

 14 :    32 : JMP    4;
            : alt:04=+004; blt:04=+004; amx:04=+004; alu:08=+008; sft:08=+008; 
            :  pc:04=+004;  ac:???????;  sp:???????;  ir:09=+009; tir:???????; 
            :  t1:???????;  t2:???????;  t3:???????; psw:???????; 
            : gr0:???????; gr1:???????; gr2:???????; gr3:???????; 
            : mar:03=+003; mbr:09=+009
            : rcs:10000000 rbf:00=+000; xcs:10000000 xbf:00=+000; int: 000; 

  4 :    33 : mar :=  pc; 
            : alt:04=+004; blt:04=+004; amx:04=+004; alu:08=+008; sft:08=+008; 
            :  pc:04=+004;  ac:???????;  sp:???????;  ir:09=+009; tir:???????; 
            :  t1:???????;  t2:???????;  t3:???????; psw:???????; 
            : gr0:???????; gr1:???????; gr2:???????; gr3:???????; 
            : mar:04=+004; mbr:09=+009
            : rcs:10000000 rbf:00=+000; xcs:10000000 xbf:00=+000; int: 000; 

  5 :    34 :  pc := ( pc+ +1); 
            : alt:04=+004; blt:01=+001; amx:04=+004; alu:05=+005; sft:05=+005; 
            :  pc:05=+005;  ac:???????;  sp:???????;  ir:09=+009; tir:???????; 
            :  t1:???????;  t2:???????;  t3:???????; psw:???????; 
            : gr0:???????; gr1:???????; gr2:???????; gr3:???????; 
            : mar:04=+004; mbr:09=+009
            : rcs:10000000 rbf:00=+000; xcs:10000000 xbf:00=+000; int: 000; 

  6 :    35 : rd; 
            : alt:05=+005; blt:05=+005; amx:05=+005; alu:0A=+010; sft:0A=+010; 
            :  pc:05=+005;  ac:???????;  sp:???????;  ir:09=+009; tir:???????; 
            :  t1:???????;  t2:???????;  t3:???????; psw:???????; 
            : gr0:???????; gr1:???????; gr2:???????; gr3:???????; 
            : mar:04=+004; mbr:changin
            : rcs:10000000 rbf:00=+000; xcs:10000000 xbf:00=+000; int: 000; 

  7 :    36 : rd; 
            : alt:05=+005; blt:05=+005; amx:05=+005; alu:0A=+010; sft:0A=+010; 
            :  pc:05=+005;  ac:???????;  sp:???????;  ir:09=+009; tir:???????; 
            :  t1:???????;  t2:???????;  t3:???????; psw:???????; 
            : gr0:???????; gr1:???????; gr2:???????; gr3:???????; 
            : mar:04=+004; mbr:00=+000
            : rcs:10000000 rbf:00=+000; xcs:10000000 xbf:00=+000; int: 000; 

  8 :    37 :  ir := (mbr+  0); JMP   12;
            : alt:05=+005; blt:00=+000; amx:00=+000; alu:00=+000; sft:00=+000; 
            :  pc:05=+005;  ac:???????;  sp:???????;  ir:00=+000; tir:???????; 
            :  t1:???????;  t2:???????;  t3:???????; psw:???????; 
            : gr0:???????; gr1:???????; gr2:???????; gr3:???????; 
            : mar:04=+004; mbr:00=+000
            : rcs:10000000 rbf:00=+000; xcs:10000000 xbf:00=+000; int: 000; 

 12 :    38 : JIR[7:6]  13 255 255 255
            : alt:05=+005; blt:00=+000; amx:00=+000; alu:00=+000; sft:00=+000; 
            :  pc:05=+005;  ac:???????;  sp:???????;  ir:00=+000; tir:???????; 
            :  t1:???????;  t2:???????;  t3:???????; psw:???????; 
            : gr0:???????; gr1:???????; gr2:???????; gr3:???????; 
            : mar:04=+004; mbr:00=+000
            : rcs:10000000 rbf:00=+000; xcs:10000000 xbf:00=+000; int: 000; 

 13 :    39 : JIR[5:4]  14 255 255 255
            : alt:05=+005; blt:00=+000; amx:00=+000; alu:00=+000; sft:00=+000; 
            :  pc:05=+005;  ac:???????;  sp:???????;  ir:00=+000; tir:???????; 
            :  t1:???????;  t2:???????;  t3:???????; psw:???????; 
            : gr0:???????; gr1:???????; gr2:???????; gr3:???????; 
            : mar:04=+004; mbr:00=+000
            : rcs:10000000 rbf:00=+000; xcs:10000000 xbf:00=+000; int: 000; 

 14 :    40 : JMP    4;
            : alt:05=+005; blt:05=+005; amx:05=+005; alu:0A=+010; sft:0A=+010; 
            :  pc:05=+005;  ac:???????;  sp:???????;  ir:00=+000; tir:???????; 
            :  t1:???????;  t2:???????;  t3:???????; psw:???????; 
            : gr0:???????; gr1:???????; gr2:???????; gr3:???????; 
            : mar:04=+004; mbr:00=+000
            : rcs:10000000 rbf:00=+000; xcs:10000000 xbf:00=+000; int: 000; 

  4 :    41 : mar :=  pc; 
            : alt:05=+005; blt:05=+005; amx:05=+005; alu:0A=+010; sft:0A=+010; 
            :  pc:05=+005;  ac:???????;  sp:???????;  ir:00=+000; tir:???????; 
            :  t1:???????;  t2:???????;  t3:???????; psw:???????; 
            : gr0:???????; gr1:???????; gr2:???????; gr3:???????; 
            : mar:05=+005; mbr:00=+000
            : rcs:10000000 rbf:00=+000; xcs:10000000 xbf:00=+000; int: 000; 

  5 :    42 :  pc := ( pc+ +1); 
            : alt:05=+005; blt:01=+001; amx:05=+005; alu:06=+006; sft:06=+006; 
            :  pc:06=+006;  ac:???????;  sp:???????;  ir:00=+000; tir:???????; 
            :  t1:???????;  t2:???????;  t3:???????; psw:???????; 
            : gr0:???????; gr1:???????; gr2:???????; gr3:???????; 
            : mar:05=+005; mbr:00=+000
            : rcs:10000000 rbf:00=+000; xcs:10000000 xbf:00=+000; int: 000; 

  6 :    43 : rd; 
            : alt:06=+006; blt:06=+006; amx:06=+006; alu:0C=+012; sft:0C=+012; 
            :  pc:06=+006;  ac:???????;  sp:???????;  ir:00=+000; tir:???????; 
            :  t1:???????;  t2:???????;  t3:???????; psw:???????; 
            : gr0:???????; gr1:???????; gr2:???????; gr3:???????; 
            : mar:05=+005; mbr:changin
            : rcs:10000000 rbf:00=+000; xcs:10000000 xbf:00=+000; int: 000; 

  7 :    44 : rd; 
            : alt:06=+006; blt:06=+006; amx:06=+006; alu:0C=+012; sft:0C=+012; 
            :  pc:06=+006;  ac:???????;  sp:???????;  ir:00=+000; tir:???????; 
            :  t1:???????;  t2:???????;  t3:???????; psw:???????; 
            : gr0:???????; gr1:???????; gr2:???????; gr3:???????; 
            : mar:05=+005; mbr:04=+004
            : rcs:10000000 rbf:00=+000; xcs:10000000 xbf:00=+000; int: 000; 

  8 :    45 :  ir := (mbr+  0); JMP   12;
            : alt:06=+006; blt:00=+000; amx:04=+004; alu:04=+004; sft:04=+004; 
            :  pc:06=+006;  ac:???????;  sp:???????;  ir:04=+004; tir:???????; 
            :  t1:???????;  t2:???????;  t3:???????; psw:???????; 
            : gr0:???????; gr1:???????; gr2:???????; gr3:???????; 
            : mar:05=+005; mbr:04=+004
            : rcs:10000000 rbf:00=+000; xcs:10000000 xbf:00=+000; int: 000; 

 12 :    46 : JIR[7:6]  13 255 255 255
            : alt:06=+006; blt:00=+000; amx:04=+004; alu:04=+004; sft:04=+004; 
            :  pc:06=+006;  ac:???????;  sp:???????;  ir:04=+004; tir:???????; 
            :  t1:???????;  t2:???????;  t3:???????; psw:???????; 
            : gr0:???????; gr1:???????; gr2:???????; gr3:???????; 
            : mar:05=+005; mbr:04=+004
            : rcs:10000000 rbf:00=+000; xcs:10000000 xbf:00=+000; int: 000; 

 13 :    47 : JIR[5:4]  14 255 255 255
            : alt:06=+006; blt:00=+000; amx:04=+004; alu:04=+004; sft:04=+004; 
            :  pc:06=+006;  ac:???????;  sp:???????;  ir:04=+004; tir:???????; 
            :  t1:???????;  t2:???????;  t3:???????; psw:???????; 
            : gr0:???????; gr1:???????; gr2:???????; gr3:???????; 
            : mar:05=+005; mbr:04=+004
            : rcs:10000000 rbf:00=+000; xcs:10000000 xbf:00=+000; int: 000; 

 14 :    48 : JMP    4;
            : alt:06=+006; blt:06=+006; amx:06=+006; alu:0C=+012; sft:0C=+012; 
            :  pc:06=+006;  ac:???????;  sp:???????;  ir:04=+004; tir:???????; 
            :  t1:???????;  t2:???????;  t3:???????; psw:???????; 
            : gr0:???????; gr1:???????; gr2:???????; gr3:???????; 
            : mar:05=+005; mbr:04=+004
            : rcs:10000000 rbf:00=+000; xcs:10000000 xbf:00=+000; int: 000; 

  4 :    49 : mar :=  pc; 
            : alt:06=+006; blt:06=+006; amx:06=+006; alu:0C=+012; sft:0C=+012; 
            :  pc:06=+006;  ac:???????;  sp:???????;  ir:04=+004; tir:???????; 
            :  t1:???????;  t2:???????;  t3:???????; psw:???????; 
            : gr0:???????; gr1:???????; gr2:???????; gr3:???????; 
            : mar:06=+006; mbr:04=+004
            : rcs:10000000 rbf:00=+000; xcs:10000000 xbf:00=+000; int: 000; 

  5 :    50 :  pc := ( pc+ +1); 
            : alt:06=+006; blt:01=+001; amx:06=+006; alu:07=+007; sft:07=+007; 
            :  pc:07=+007;  ac:???????;  sp:???????;  ir:04=+004; tir:???????; 
            :  t1:???????;  t2:???????;  t3:???????; psw:???????; 
            : gr0:???????; gr1:???????; gr2:???????; gr3:???????; 
            : mar:06=+006; mbr:04=+004
            : rcs:10000000 rbf:00=+000; xcs:10000000 xbf:00=+000; int: 000; 

  6 :    51 : rd; 
            : alt:07=+007; blt:07=+007; amx:07=+007; alu:0E=+014; sft:0E=+014; 
            :  pc:07=+007;  ac:???????;  sp:???????;  ir:04=+004; tir:???????; 
            :  t1:???????;  t2:???????;  t3:???????; psw:???????; 
            : gr0:???????; gr1:???????; gr2:???????; gr3:???????; 
            : mar:06=+006; mbr:changin
            : rcs:10000000 rbf:00=+000; xcs:10000000 xbf:00=+000; int: 000; 

  7 :    52 : rd; 
            : alt:07=+007; blt:07=+007; amx:07=+007; alu:0E=+014; sft:0E=+014; 
            :  pc:07=+007;  ac:???????;  sp:???????;  ir:04=+004; tir:???????; 
            :  t1:???????;  t2:???????;  t3:???????; psw:???????; 
            : gr0:???????; gr1:???????; gr2:???????; gr3:???????; 
            : mar:06=+006; mbr:07=+007
            : rcs:10000000 rbf:00=+000; xcs:10000000 xbf:00=+000; int: 000; 

  8 :    53 :  ir := (mbr+  0); JMP   12;
            : alt:07=+007; blt:00=+000; amx:07=+007; alu:07=+007; sft:07=+007; 
            :  pc:07=+007;  ac:???????;  sp:???????;  ir:07=+007; tir:???????; 
            :  t1:???????;  t2:???????;  t3:???????; psw:???????; 
            : gr0:???????; gr1:???????; gr2:???????; gr3:???????; 
            : mar:06=+006; mbr:07=+007
            : rcs:10000000 rbf:00=+000; xcs:10000000 xbf:00=+000; int: 000; 

 12 :    54 : JIR[7:6]  13 255 255 255
            : alt:07=+007; blt:00=+000; amx:07=+007; alu:07=+007; sft:07=+007; 
            :  pc:07=+007;  ac:???????;  sp:???????;  ir:07=+007; tir:???????; 
            :  t1:???????;  t2:???????;  t3:???????; psw:???????; 
            : gr0:???????; gr1:???????; gr2:???????; gr3:???????; 
            : mar:06=+006; mbr:07=+007
            : rcs:10000000 rbf:00=+000; xcs:10000000 xbf:00=+000; int: 000; 

 13 :    55 : JIR[5:4]  14 255 255 255
            : alt:07=+007; blt:00=+000; amx:07=+007; alu:07=+007; sft:07=+007; 
            :  pc:07=+007;  ac:???????;  sp:???????;  ir:07=+007; tir:???????; 
            :  t1:???????;  t2:???????;  t3:???????; psw:???????; 
            : gr0:???????; gr1:???????; gr2:???????; gr3:???????; 
            : mar:06=+006; mbr:07=+007
            : rcs:10000000 rbf:00=+000; xcs:10000000 xbf:00=+000; int: 000; 

 14 :    56 : JMP    4;
            : alt:07=+007; blt:07=+007; amx:07=+007; alu:0E=+014; sft:0E=+014; 
            :  pc:07=+007;  ac:???????;  sp:???????;  ir:07=+007; tir:???????; 
            :  t1:???????;  t2:???????;  t3:???????; psw:???????; 
            : gr0:???????; gr1:???????; gr2:???????; gr3:???????; 
            : mar:06=+006; mbr:07=+007
            : rcs:10000000 rbf:00=+000; xcs:10000000 xbf:00=+000; int: 000; 

  4 :    57 : mar :=  pc; 
            : alt:07=+007; blt:07=+007; amx:07=+007; alu:0E=+014; sft:0E=+014; 
            :  pc:07=+007;  ac:???????;  sp:???????;  ir:07=+007; tir:???????; 
            :  t1:???????;  t2:???????;  t3:???????; psw:???????; 
            : gr0:???????; gr1:???????; gr2:???????; gr3:???????; 
            : mar:07=+007; mbr:07=+007
            : rcs:10000000 rbf:00=+000; xcs:10000000 xbf:00=+000; int: 000; 

  5 :    58 :  pc := ( pc+ +1); 
            : alt:07=+007; blt:01=+001; amx:07=+007; alu:08=+008; sft:08=+008; 
            :  pc:08=+008;  ac:???????;  sp:???????;  ir:07=+007; tir:???????; 
            :  t1:???????;  t2:???????;  t3:???????; psw:???????; 
            : gr0:???????; gr1:???????; gr2:???????; gr3:???????; 
            : mar:07=+007; mbr:07=+007
            : rcs:10000000 rbf:00=+000; xcs:10000000 xbf:00=+000; int: 000; 

  6 :    59 : rd; 
            : alt:08=+008; blt:08=+008; amx:08=+008; alu:10=+016; sft:10=+016; 
            :  pc:08=+008;  ac:???????;  sp:???????;  ir:07=+007; tir:???????; 
            :  t1:???????;  t2:???????;  t3:???????; psw:???????; 
            : gr0:???????; gr1:???????; gr2:???????; gr3:???????; 
            : mar:07=+007; mbr:changin
            : rcs:10000000 rbf:00=+000; xcs:10000000 xbf:00=+000; int: 000; 

  7 :    60 : rd; 
            : alt:08=+008; blt:08=+008; amx:08=+008; alu:10=+016; sft:10=+016; 
            :  pc:08=+008;  ac:???????;  sp:???????;  ir:07=+007; tir:???????; 
            :  t1:???????;  t2:???????;  t3:???????; psw:???????; 
            : gr0:???????; gr1:???????; gr2:???????; gr3:???????; 
            : mar:07=+007; mbr:00=+000
            : rcs:10000000 rbf:00=+000; xcs:10000000 xbf:00=+000; int: 000; 

  8 :    61 :  ir := (mbr+  0); JMP   12;
            : alt:08=+008; blt:00=+000; amx:00=+000; alu:00=+000; sft:00=+000; 
            :  pc:08=+008;  ac:???????;  sp:???????;  ir:00=+000; tir:???????; 
            :  t1:???????;  t2:???????;  t3:???????; psw:???????; 
            : gr0:???????; gr1:???????; gr2:???????; gr3:???????; 
            : mar:07=+007; mbr:00=+000
            : rcs:10000000 rbf:00=+000; xcs:10000000 xbf:00=+000; int: 000; 

 12 :    62 : JIR[7:6]  13 255 255 255
            : alt:08=+008; blt:00=+000; amx:00=+000; alu:00=+000; sft:00=+000; 
            :  pc:08=+008;  ac:???????;  sp:???????;  ir:00=+000; tir:???????; 
            :  t1:???????;  t2:???????;  t3:???????; psw:???????; 
            : gr0:???????; gr1:???????; gr2:???????; gr3:???????; 
            : mar:07=+007; mbr:00=+000
            : rcs:10000000 rbf:00=+000; xcs:10000000 xbf:00=+000; int: 000; 

 13 :    63 : JIR[5:4]  14 255 255 255
            : alt:08=+008; blt:00=+000; amx:00=+000; alu:00=+000; sft:00=+000; 
            :  pc:08=+008;  ac:???????;  sp:???????;  ir:00=+000; tir:???????; 
            :  t1:???????;  t2:???????;  t3:???????; psw:???????; 
            : gr0:???????; gr1:???????; gr2:???????; gr3:???????; 
            : mar:07=+007; mbr:00=+000
            : rcs:10000000 rbf:00=+000; xcs:10000000 xbf:00=+000; int: 000; 

 14 :    64 : JMP    4;
            : alt:08=+008; blt:08=+008; amx:08=+008; alu:10=+016; sft:10=+016; 
            :  pc:08=+008;  ac:???????;  sp:???????;  ir:00=+000; tir:???????; 
            :  t1:???????;  t2:???????;  t3:???????; psw:???????; 
            : gr0:???????; gr1:???????; gr2:???????; gr3:???????; 
            : mar:07=+007; mbr:00=+000
            : rcs:10000000 rbf:00=+000; xcs:10000000 xbf:00=+000; int: 000; 

  4 :    65 : mar :=  pc; 
            : alt:08=+008; blt:08=+008; amx:08=+008; alu:10=+016; sft:10=+016; 
            :  pc:08=+008;  ac:???????;  sp:???????;  ir:00=+000; tir:???????; 
            :  t1:???????;  t2:???????;  t3:???????; psw:???????; 
            : gr0:???????; gr1:???????; gr2:???????; gr3:???????; 
            : mar:08=+008; mbr:00=+000
            : rcs:10000000 rbf:00=+000; xcs:10000000 xbf:00=+000; int: 000; 

  5 :    66 :  pc := ( pc+ +1); 
            : alt:08=+008; blt:01=+001; amx:08=+008; alu:09=+009; sft:09=+009; 
            :  pc:09=+009;  ac:???????;  sp:???????;  ir:00=+000; tir:???????; 
            :  t1:???????;  t2:???????;  t3:???????; psw:???????; 
            : gr0:???????; gr1:???????; gr2:???????; gr3:???????; 
            : mar:08=+008; mbr:00=+000
            : rcs:10000000 rbf:00=+000; xcs:10000000 xbf:00=+000; int: 000; 

  6 :    67 : rd; 
            : alt:09=+009; blt:09=+009; amx:09=+009; alu:12=+018; sft:12=+018; 
            :  pc:09=+009;  ac:???????;  sp:???????;  ir:00=+000; tir:???????; 
            :  t1:???????;  t2:???????;  t3:???????; psw:???????; 
            : gr0:???????; gr1:???????; gr2:???????; gr3:???????; 
            : mar:08=+008; mbr:changin
            : rcs:10000000 rbf:00=+000; xcs:10000000 xbf:00=+000; int: 000; 

  7 :    68 : rd; 
            : alt:09=+009; blt:09=+009; amx:09=+009; alu:12=+018; sft:12=+018; 
            :  pc:09=+009;  ac:???????;  sp:???????;  ir:00=+000; tir:???????; 
            :  t1:???????;  t2:???????;  t3:???????; psw:???????; 
            : gr0:???????; gr1:???????; gr2:???????; gr3:???????; 
            : mar:08=+008; mbr:00=+000
            : rcs:10000000 rbf:00=+000; xcs:10000000 xbf:00=+000; int: 000; 

  8 :    69 :  ir := (mbr+  0); JMP   12;
            : alt:09=+009; blt:00=+000; amx:00=+000; alu:00=+000; sft:00=+000; 
            :  pc:09=+009;  ac:???????;  sp:???????;  ir:00=+000; tir:???????; 
            :  t1:???????;  t2:???????;  t3:???????; psw:???????; 
            : gr0:???????; gr1:???????; gr2:???????; gr3:???????; 
            : mar:08=+008; mbr:00=+000
            : rcs:10000000 rbf:00=+000; xcs:10000000 xbf:00=+000; int: 000; 

 12 :    70 : JIR[7:6]  13 255 255 255
            : alt:09=+009; blt:00=+000; amx:00=+000; alu:00=+000; sft:00=+000; 
            :  pc:09=+009;  ac:???????;  sp:???????;  ir:00=+000; tir:???????; 
            :  t1:???????;  t2:???????;  t3:???????; psw:???????; 
            : gr0:???????; gr1:???????; gr2:???????; gr3:???????; 
            : mar:08=+008; mbr:00=+000
            : rcs:10000000 rbf:00=+000; xcs:10000000 xbf:00=+000; int: 000; 

 13 :    71 : JIR[5:4]  14 255 255 255
            : alt:09=+009; blt:00=+000; amx:00=+000; alu:00=+000; sft:00=+000; 
            :  pc:09=+009;  ac:???????;  sp:???????;  ir:00=+000; tir:???????; 
            :  t1:???????;  t2:???????;  t3:???????; psw:???????; 
            : gr0:???????; gr1:???????; gr2:???????; gr3:???????; 
            : mar:08=+008; mbr:00=+000
            : rcs:10000000 rbf:00=+000; xcs:10000000 xbf:00=+000; int: 000; 

 14 :    72 : JMP    4;
            : alt:09=+009; blt:09=+009; amx:09=+009; alu:12=+018; sft:12=+018; 
            :  pc:09=+009;  ac:???????;  sp:???????;  ir:00=+000; tir:???????; 
            :  t1:???????;  t2:???????;  t3:???????; psw:???????; 
            : gr0:???????; gr1:???????; gr2:???????; gr3:???????; 
            : mar:08=+008; mbr:00=+000
            : rcs:10000000 rbf:00=+000; xcs:10000000 xbf:00=+000; int: 000; 

  4 :    73 : mar :=  pc; 
            : alt:09=+009; blt:09=+009; amx:09=+009; alu:12=+018; sft:12=+018; 
            :  pc:09=+009;  ac:???????;  sp:???????;  ir:00=+000; tir:???????; 
            :  t1:???????;  t2:???????;  t3:???????; psw:???????; 
            : gr0:???????; gr1:???????; gr2:???????; gr3:???????; 
            : mar:09=+009; mbr:00=+000
            : rcs:10000000 rbf:00=+000; xcs:10000000 xbf:00=+000; int: 000; 

  5 :    74 :  pc := ( pc+ +1); 
            : alt:09=+009; blt:01=+001; amx:09=+009; alu:0A=+010; sft:0A=+010; 
            :  pc:0A=+010;  ac:???????;  sp:???????;  ir:00=+000; tir:???????; 
            :  t1:???????;  t2:???????;  t3:???????; psw:???????; 
            : gr0:???????; gr1:???????; gr2:???????; gr3:???????; 
            : mar:09=+009; mbr:00=+000
            : rcs:10000000 rbf:00=+000; xcs:10000000 xbf:00=+000; int: 000; 

  6 :    75 : rd; 
            : alt:0A=+010; blt:0A=+010; amx:0A=+010; alu:14=+020; sft:14=+020; 
            :  pc:0A=+010;  ac:???????;  sp:???????;  ir:00=+000; tir:???????; 
            :  t1:???????;  t2:???????;  t3:???????; psw:???????; 
            : gr0:???????; gr1:???????; gr2:???????; gr3:???????; 
            : mar:09=+009; mbr:changin
            : rcs:10000000 rbf:00=+000; xcs:10000000 xbf:00=+000; int: 000; 

  7 :    76 : rd; 
            : alt:0A=+010; blt:0A=+010; amx:0A=+010; alu:14=+020; sft:14=+020; 
            :  pc:0A=+010;  ac:???????;  sp:???????;  ir:00=+000; tir:???????; 
            :  t1:???????;  t2:???????;  t3:???????; psw:???????; 
            : gr0:???????; gr1:???????; gr2:???????; gr3:???????; 
            : mar:09=+009; mbr:01=+001
            : rcs:10000000 rbf:00=+000; xcs:10000000 xbf:00=+000; int: 000; 

  8 :    77 :  ir := (mbr+  0); JMP   12;
            : alt:0A=+010; blt:00=+000; amx:01=+001; alu:01=+001; sft:01=+001; 
            :  pc:0A=+010;  ac:???????;  sp:???????;  ir:01=+001; tir:???????; 
            :  t1:???????;  t2:???????;  t3:???????; psw:???????; 
            : gr0:???????; gr1:???????; gr2:???????; gr3:???????; 
            : mar:09=+009; mbr:01=+001
            : rcs:10000000 rbf:00=+000; xcs:10000000 xbf:00=+000; int: 000; 

 12 :    78 : JIR[7:6]  13 255 255 255
            : alt:0A=+010; blt:00=+000; amx:01=+001; alu:01=+001; sft:01=+001; 
            :  pc:0A=+010;  ac:???????;  sp:???????;  ir:01=+001; tir:???????; 
            :  t1:???????;  t2:???????;  t3:???????; psw:???????; 
            : gr0:???????; gr1:???????; gr2:???????; gr3:???????; 
            : mar:09=+009; mbr:01=+001
            : rcs:10000000 rbf:00=+000; xcs:10000000 xbf:00=+000; int: 000; 

 13 :    79 : JIR[5:4]  14 255 255 255
            : alt:0A=+010; blt:00=+000; amx:01=+001; alu:01=+001; sft:01=+001; 
            :  pc:0A=+010;  ac:???????;  sp:???????;  ir:01=+001; tir:???????; 
            :  t1:???????;  t2:???????;  t3:???????; psw:???????; 
            : gr0:???????; gr1:???????; gr2:???????; gr3:???????; 
            : mar:09=+009; mbr:01=+001
            : rcs:10000000 rbf:00=+000; xcs:10000000 xbf:00=+000; int: 000; 

 14 :    80 : JMP    4;
            : alt:0A=+010; blt:0A=+010; amx:0A=+010; alu:14=+020; sft:14=+020; 
            :  pc:0A=+010;  ac:???????;  sp:???????;  ir:01=+001; tir:???????; 
            :  t1:???????;  t2:???????;  t3:???????; psw:???????; 
            : gr0:???????; gr1:???????; gr2:???????; gr3:???????; 
            : mar:09=+009; mbr:01=+001
            : rcs:10000000 rbf:00=+000; xcs:10000000 xbf:00=+000; int: 000; 

  4 :    81 : mar :=  pc; 
            : alt:0A=+010; blt:0A=+010; amx:0A=+010; alu:14=+020; sft:14=+020; 
            :  pc:0A=+010;  ac:???????;  sp:???????;  ir:01=+001; tir:???????; 
            :  t1:???????;  t2:???????;  t3:???????; psw:???????; 
            : gr0:???????; gr1:???????; gr2:???????; gr3:???????; 
            : mar:0A=+010; mbr:01=+001
            : rcs:10000000 rbf:00=+000; xcs:10000000 xbf:00=+000; int: 000; 

  5 :    82 :  pc := ( pc+ +1); 
            : alt:0A=+010; blt:01=+001; amx:0A=+010; alu:0B=+011; sft:0B=+011; 
            :  pc:0B=+011;  ac:???????;  sp:???????;  ir:01=+001; tir:???????; 
            :  t1:???????;  t2:???????;  t3:???????; psw:???????; 
            : gr0:???????; gr1:???????; gr2:???????; gr3:???????; 
            : mar:0A=+010; mbr:01=+001
            : rcs:10000000 rbf:00=+000; xcs:10000000 xbf:00=+000; int: 000; 

  6 :    83 : rd; 
            : alt:0B=+011; blt:0B=+011; amx:0B=+011; alu:16=+022; sft:16=+022; 
            :  pc:0B=+011;  ac:???????;  sp:???????;  ir:01=+001; tir:???????; 
            :  t1:???????;  t2:???????;  t3:???????; psw:???????; 
            : gr0:???????; gr1:???????; gr2:???????; gr3:???????; 
            : mar:0A=+010; mbr:changin
            : rcs:10000000 rbf:00=+000; xcs:10000000 xbf:00=+000; int: 000; 

  7 :    84 : rd; 
            : alt:0B=+011; blt:0B=+011; amx:0B=+011; alu:16=+022; sft:16=+022; 
            :  pc:0B=+011;  ac:???????;  sp:???????;  ir:01=+001; tir:???????; 
            :  t1:???????;  t2:???????;  t3:???????; psw:???????; 
            : gr0:???????; gr1:???????; gr2:???????; gr3:???????; 
            : mar:0A=+010; mbr:04=+004
            : rcs:10000000 rbf:00=+000; xcs:10000000 xbf:00=+000; int: 000; 

  8 :    85 :  ir := (mbr+  0); JMP   12;
            : alt:0B=+011; blt:00=+000; amx:04=+004; alu:04=+004; sft:04=+004; 
            :  pc:0B=+011;  ac:???????;  sp:???????;  ir:04=+004; tir:???????; 
            :  t1:???????;  t2:???????;  t3:???????; psw:???????; 
            : gr0:???????; gr1:???????; gr2:???????; gr3:???????; 
            : mar:0A=+010; mbr:04=+004
            : rcs:10000000 rbf:00=+000; xcs:10000000 xbf:00=+000; int: 000; 

 12 :    86 : JIR[7:6]  13 255 255 255
            : alt:0B=+011; blt:00=+000; amx:04=+004; alu:04=+004; sft:04=+004; 
            :  pc:0B=+011;  ac:???????;  sp:???????;  ir:04=+004; tir:???????; 
            :  t1:???????;  t2:???????;  t3:???????; psw:???????; 
            : gr0:???????; gr1:???????; gr2:???????; gr3:???????; 
            : mar:0A=+010; mbr:04=+004
            : rcs:10000000 rbf:00=+000; xcs:10000000 xbf:00=+000; int: 000; 

 13 :    87 : JIR[5:4]  14 255 255 255
            : alt:0B=+011; blt:00=+000; amx:04=+004; alu:04=+004; sft:04=+004; 
            :  pc:0B=+011;  ac:???????;  sp:???????;  ir:04=+004; tir:???????; 
            :  t1:???????;  t2:???????;  t3:???????; psw:???????; 
            : gr0:???????; gr1:???????; gr2:???????; gr3:???????; 
            : mar:0A=+010; mbr:04=+004
            : rcs:10000000 rbf:00=+000; xcs:10000000 xbf:00=+000; int: 000; 

 14 :    88 : JMP    4;
            : alt:0B=+011; blt:0B=+011; amx:0B=+011; alu:16=+022; sft:16=+022; 
            :  pc:0B=+011;  ac:???????;  sp:???????;  ir:04=+004; tir:???????; 
            :  t1:???????;  t2:???????;  t3:???????; psw:???????; 
            : gr0:???????; gr1:???????; gr2:???????; gr3:???????; 
            : mar:0A=+010; mbr:04=+004
            : rcs:10000000 rbf:00=+000; xcs:10000000 xbf:00=+000; int: 000; 

  4 :    89 : mar :=  pc; 
            : alt:0B=+011; blt:0B=+011; amx:0B=+011; alu:16=+022; sft:16=+022; 
            :  pc:0B=+011;  ac:???????;  sp:???????;  ir:04=+004; tir:???????; 
            :  t1:???????;  t2:???????;  t3:???????; psw:???????; 
            : gr0:???????; gr1:???????; gr2:???????; gr3:???????; 
            : mar:0B=+011; mbr:04=+004
            : rcs:10000000 rbf:00=+000; xcs:10000000 xbf:00=+000; int: 000; 

  5 :    90 :  pc := ( pc+ +1); 
            : alt:0B=+011; blt:01=+001; amx:0B=+011; alu:0C=+012; sft:0C=+012; 
            :  pc:0C=+012;  ac:???????;  sp:???????;  ir:04=+004; tir:???????; 
            :  t1:???????;  t2:???????;  t3:???????; psw:???????; 
            : gr0:???????; gr1:???????; gr2:???????; gr3:???????; 
            : mar:0B=+011; mbr:04=+004
            : rcs:10000000 rbf:00=+000; xcs:10000000 xbf:00=+000; int: 000; 

  6 :    91 : rd; 
            : alt:0C=+012; blt:0C=+012; amx:0C=+012; alu:18=+024; sft:18=+024; 
            :  pc:0C=+012;  ac:???????;  sp:???????;  ir:04=+004; tir:???????; 
            :  t1:???????;  t2:???????;  t3:???????; psw:???????; 
            : gr0:???????; gr1:???????; gr2:???????; gr3:???????; 
            : mar:0B=+011; mbr:changin
            : rcs:10000000 rbf:00=+000; xcs:10000000 xbf:00=+000; int: 000; 

  7 :    92 : rd; 
            : alt:0C=+012; blt:0C=+012; amx:0C=+012; alu:18=+024; sft:18=+024; 
            :  pc:0C=+012;  ac:???????;  sp:???????;  ir:04=+004; tir:???????; 
            :  t1:???????;  t2:???????;  t3:???????; psw:???????; 
            : gr0:???????; gr1:???????; gr2:???????; gr3:???????; 
            : mar:0B=+011; mbr:05=+005
            : rcs:10000000 rbf:00=+000; xcs:10000000 xbf:00=+000; int: 000; 

  8 :    93 :  ir := (mbr+  0); JMP   12;
            : alt:0C=+012; blt:00=+000; amx:05=+005; alu:05=+005; sft:05=+005; 
            :  pc:0C=+012;  ac:???????;  sp:???????;  ir:05=+005; tir:???????; 
            :  t1:???????;  t2:???????;  t3:???????; psw:???????; 
            : gr0:???????; gr1:???????; gr2:???????; gr3:???????; 
            : mar:0B=+011; mbr:05=+005
            : rcs:10000000 rbf:00=+000; xcs:10000000 xbf:00=+000; int: 000; 

 12 :    94 : JIR[7:6]  13 255 255 255
            : alt:0C=+012; blt:00=+000; amx:05=+005; alu:05=+005; sft:05=+005; 
            :  pc:0C=+012;  ac:???????;  sp:???????;  ir:05=+005; tir:???????; 
            :  t1:???????;  t2:???????;  t3:???????; psw:???????; 
            : gr0:???????; gr1:???????; gr2:???????; gr3:???????; 
            : mar:0B=+011; mbr:05=+005
            : rcs:10000000 rbf:00=+000; xcs:10000000 xbf:00=+000; int: 000; 

 13 :    95 : JIR[5:4]  14 255 255 255
            : alt:0C=+012; blt:00=+000; amx:05=+005; alu:05=+005; sft:05=+005; 
            :  pc:0C=+012;  ac:???????;  sp:???????;  ir:05=+005; tir:???????; 
            :  t1:???????;  t2:???????;  t3:???????; psw:???????; 
            : gr0:???????; gr1:???????; gr2:???????; gr3:???????; 
            : mar:0B=+011; mbr:05=+005
            : rcs:10000000 rbf:00=+000; xcs:10000000 xbf:00=+000; int: 000; 

 14 :    96 : JMP    4;
            : alt:0C=+012; blt:0C=+012; amx:0C=+012; alu:18=+024; sft:18=+024; 
            :  pc:0C=+012;  ac:???????;  sp:???????;  ir:05=+005; tir:???????; 
            :  t1:???????;  t2:???????;  t3:???????; psw:???????; 
            : gr0:???????; gr1:???????; gr2:???????; gr3:???????; 
            : mar:0B=+011; mbr:05=+005
            : rcs:10000000 rbf:00=+000; xcs:10000000 xbf:00=+000; int: 000; 

  4 :    97 : mar :=  pc; 
            : alt:0C=+012; blt:0C=+012; amx:0C=+012; alu:18=+024; sft:18=+024; 
            :  pc:0C=+012;  ac:???????;  sp:???????;  ir:05=+005; tir:???????; 
            :  t1:???????;  t2:???????;  t3:???????; psw:???????; 
            : gr0:???????; gr1:???????; gr2:???????; gr3:???????; 
            : mar:0C=+012; mbr:05=+005
            : rcs:10000000 rbf:00=+000; xcs:10000000 xbf:00=+000; int: 000; 

  5 :    98 :  pc := ( pc+ +1); 
            : alt:0C=+012; blt:01=+001; amx:0C=+012; alu:0D=+013; sft:0D=+013; 
            :  pc:0D=+013;  ac:???????;  sp:???????;  ir:05=+005; tir:???????; 
            :  t1:???????;  t2:???????;  t3:???????; psw:???????; 
            : gr0:???????; gr1:???????; gr2:???????; gr3:???????; 
            : mar:0C=+012; mbr:05=+005
            : rcs:10000000 rbf:00=+000; xcs:10000000 xbf:00=+000; int: 000; 

  6 :    99 : rd; 
            : alt:0D=+013; blt:0D=+013; amx:0D=+013; alu:1A=+026; sft:1A=+026; 
            :  pc:0D=+013;  ac:???????;  sp:???????;  ir:05=+005; tir:???????; 
            :  t1:???????;  t2:???????;  t3:???????; psw:???????; 
            : gr0:???????; gr1:???????; gr2:???????; gr3:???????; 
            : mar:0C=+012; mbr:changin
            : rcs:10000000 rbf:00=+000; xcs:10000000 xbf:00=+000; int: 000; 

  7 :   100 : rd; 
            : alt:0D=+013; blt:0D=+013; amx:0D=+013; alu:1A=+026; sft:1A=+026; 
            :  pc:0D=+013;  ac:???????;  sp:???????;  ir:05=+005; tir:???????; 
            :  t1:???????;  t2:???????;  t3:???????; psw:???????; 
            : gr0:???????; gr1:???????; gr2:???????; gr3:???????; 
            : mar:0C=+012; mbr:???????
            : rcs:10000000 rbf:00=+000; xcs:10000000 xbf:00=+000; int: 000; 


*** Error ***: u_pc == 8 ; Cycle == 101 ; Error count == 1
*** Why   ***: Register `ir' loaded with undefined value.
  8 :   101 :  ir := (mbr+  0); JMP   12;
            : alt:0D=+013; blt:00=+000; amx:???????; alu:???????; sft:???????; 
            :  pc:0D=+013;  ac:???????;  sp:???????;  ir:???????; tir:???????; 
            :  t1:???????;  t2:???????;  t3:???????; psw:???????; 
            : gr0:???????; gr1:???????; gr2:???????; gr3:???????; 
            : mar:0C=+012; mbr:???????
            : rcs:10000000 rbf:00=+000; xcs:10000000 xbf:00=+000; int: 000; 




Execution aborted with 1 error(s).


  8 :   101 :  ir := (mbr+  0); JMP   12;
            : alt:0D=+013; blt:00=+000; amx:???????; alu:???????; sft:???????; 
            :  pc:0D=+013;  ac:???????;  sp:???????;  ir:???????; tir:???????; 
            :  t1:???????;  t2:???????;  t3:???????; psw:???????; 
            : gr0:???????; gr1:???????; gr2:???????; gr3:???????; 
            : mar:0C=+012; mbr:???????
            : rcs:10000000 rbf:00=+000; xcs:10000000 xbf:00=+000; int: 000; 

            :  pc:0D=+013; psw:???????;  ir:???????; 
            : gr0:???????; gr1:???????; gr2:???????; gr3:???????; 
            : rcs:10000000 rbf:00=+000; xcs:10000000 xbf:00=+000; int: 000; 
     Mem[0] :  04=+004 02=+002 04=+004 09=+009 00=+000 04=+004 07=+007 00=+000
     Mem[8] :  00=+000 01=+001 04=+004 05=+005 ??????? ??????? ??????? ???????



