
=================== Simulator Command Section =====================

Memory Dump Trace: 6


=================== Micro Memory Section =====================

    :   c  i a     s            c    b    a          : 
    :   o  n m  a  h mm    e    c    b    a          : 
  l :   n  t u  l  f ba rw n    c    b    a          : 
  c :   d  r x  u  t rr dr c    c    b    a    addr4 : 
--- : --- -- - -- -- -- -- - ---- ---- ---- -------- : 

    :   c  i a     s            c    b    a         
    :   o  n m  a  h mm    e    c    b    a         
    :   n  t u  l  f ba rw n    c    b    a         
    :   d  r x  u  t rr dr c    c    b    a    addr4
    : --- -- - -- -- -- -- - ---- ---- ---- --------
  0 : 011 00 0 00 00 00 00 1 0000 0101 0101 00000011 :  pc := (  0+  0); 
    :                                                : JMP    3;
    * 
    : start of loop (read loop)
  3 : 000 00 0 00 00 01 00 0 0000 0000 0000 00000000 : mar :=  pc; 
  4 : 000 00 0 00 00 00 10 0 0000 0000 0000 00000000 : rd; 
  5 : 000 00 0 00 00 00 10 0 0000 0000 0000 00000000 : rd; 
  6 : 000 00 1 00 00 00 00 1 0011 0101 0000 00000000 :  ir := (mbr+  0); 
  7 : 011 00 0 00 00 00 00 1 0000 0110 0000 00001010 :  pc := ( pc+ +1); 
    :                                                : JMP   10;
    : Check Op Codes 
    * 
    : Checks First Two bits. Goes to next line if 00 and branches to line 14 if 01 
 10 : 100  00001011   00001110   00000000   00000000 : JIR[7:6]  11  14   0   0
    : Checks bits 5 and 4 of Mac0. Goes to ADD intruction if 11 and SUb if 10 
 11 : 101  00001100   00000000   00110111   00101101 : JIR[5:4]  12   0  55  45
    : Checks if bits 2 and 3 are 00 01 10 11. 
 12 : 110  00001101   00010100   00000000   00000000 : JIR[3:2]  13  20   0   0
    : Checks bits 0 and 1.   
 13 : 111  11111111   00010010   00010010   00010010 : JIR[1:0] 255  18  18  18
    * 
    : Checks bits 5 and 4 if bits 7 and 6 are 0 1 respectively. Branches to 28 if 01 (CLR), to 31 if NEG, 40 if INC
 14 : 101  00000000   00011010   00011111   00101000 : JIR[5:4]   0  26  31  40

    * 
    : NOP operation 
 18 : 011 00 0 00 00 00 00 0 0000 0000 0000 00000011 : JMP    3;
    * 
    : Branches (BR) 
 20 : 000 00 0 00 00 01 00 0 0000 0000 0000 00000000 : mar :=  pc; 
 21 : 000 00 0 00 00 00 10 0 0000 0000 0000 00000000 : rd; 
 22 : 000 00 0 00 00 00 10 0 0000 0000 0000 00000000 : rd; 
 23 : 000 00 1 00 00 00 00 1 1000 0101 0000 00000000 :  t1 := (mbr+  0); 
 24 : 011 00 0 00 00 00 00 1 0000 0101 1000 00000011 :  pc := ( t1+  0); 
    :                                                : JMP    3;
    * 
    : Checks what bits 3 and 2 correspond to which register. Goes to 27 if 00, goes to 28 if 01 ..... goes to 30 if 11 (CLR)  
 26 : 110  00011011   00011100   00011101   00011110 : JIR[3:2]  27  28  29  30
 27 : 011 00 0 00 00 00 00 1 1100 0101 0101 00000011 : gr0 := (  0+  0); 
    :                                                : JMP    3;
 28 : 011 00 0 00 00 00 00 1 1101 0101 0101 00000011 : gr1 := (  0+  0); 
    :                                                : JMP    3;
 29 : 011 00 0 00 00 00 00 1 1110 0101 0101 00000011 : gr2 := (  0+  0); 
    :                                                : JMP    3;
 30 : 011 00 0 00 00 00 00 1 1111 0101 0101 00000011 : gr3 := (  0+  0); 
    :                                                : JMP    3;
    * 
    : Checks which general register bits 3 and 2 correspond to. Jumps to corresponding line and does 2s complement operation (NEG)
 31 : 110  00100000   00100010   00100100   00100110 : JIR[3:2]  32  34  36  38
 32 : 000 00 0 11 00 00 00 1 1100 0101 1100 00000000 : gr0 := (gr0 NOT); 
 33 : 011 00 0 00 00 00 00 1 1100 1100 0110 00000011 : gr0 := ( +1+gr0); 
    :                                                : JMP    3;
 34 : 000 00 0 11 00 00 00 1 1101 0101 1101 00000000 : gr1 := (gr1 NOT); 
 35 : 011 00 0 00 00 00 00 1 1101 1101 0110 00000011 : gr1 := ( +1+gr1); 
    :                                                : JMP    3;
 36 : 000 00 0 11 00 00 00 1 1110 0101 1110 00000000 : gr2 := (gr2 NOT); 
 37 : 011 00 0 00 00 00 00 1 1110 1110 0110 00000011 : gr2 := ( +1+gr2); 
    :                                                : JMP    3;
 38 : 000 00 0 11 00 00 00 1 1111 0101 1111 00000000 : gr3 := (gr3 NOT); 
 39 : 011 00 0 00 00 00 00 1 1111 1111 0110 00000011 : gr3 := ( +1+gr3); 
    :                                                : JMP    3;
    * 
    : Checks what general register bits 3 and 2 correspond to. Jumps to corresponding line and increments  (INC)
 40 : 110  00101001   00101010   00101011   00101100 : JIR[3:2]  41  42  43  44
 41 : 011 00 0 00 00 00 00 1 1100 1100 0110 00000011 : gr0 := ( +1+gr0); 
    :                                                : JMP    3;
 42 : 011 00 0 00 00 00 00 1 1101 1101 0110 00000011 : gr1 := ( +1+gr1); 
    :                                                : JMP    3;
 43 : 011 00 0 00 00 00 00 1 1110 1110 0110 00000011 : gr2 := ( +1+gr2); 
    :                                                : JMP    3;
 44 : 011 00 0 00 00 00 00 1 1111 1111 0110 00000011 : gr3 := ( +1+gr3); 
    :                                                : JMP    3;
    * 
    : Checks last two bits for Register 2. Puts content into AC. Next step is on address 50. (ADD)
 45 : 111  00101110   00101111   00110000   00110001 : JIR[1:0]  46  47  48  49
 46 : 011 00 0 00 00 00 00 1 0001 1100 0101 00110010 :  ac := (  0+gr0); 
    :                                                : JMP   50;
 47 : 011 00 0 00 00 00 00 1 0001 1101 0101 00110010 :  ac := (  0+gr1); 
    :                                                : JMP   50;
 48 : 011 00 0 00 00 00 00 1 0001 1110 0101 00110010 :  ac := (  0+gr2); 
    :                                                : JMP   50;
 49 : 011 00 0 00 00 00 00 1 0001 1111 0101 00110010 :  ac := (  0+gr3); 
    :                                                : JMP   50;
    : Adds AC to Register 1 and puts the result in Register 1.
 50 : 110  00110011   00110100   00110101   00110110 : JIR[3:2]  51  52  53  54
 51 : 011 00 0 00 00 00 00 1 1100 1100 0001 00000011 : gr0 := ( ac+gr0); 
    :                                                : JMP    3;
 52 : 011 00 0 00 00 00 00 1 1101 1101 0001 00000011 : gr1 := ( ac+gr1); 
    :                                                : JMP    3;
 53 : 011 00 0 00 00 00 00 1 1110 1110 0001 00000011 : gr2 := ( ac+gr2); 
    :                                                : JMP    3;
 54 : 011 00 0 00 00 00 00 1 1111 1111 0001 00000011 : gr3 := ( ac+gr3); 
    :                                                : JMP    3;
    * 
    : Does 2s complement on Register 2 and stores in AC  
 55 : 111  00111000   00111010   00111100   00111110 : JIR[1:0]  56  58  60  62
 56 : 000 00 0 11 00 00 00 1 1000 0101 1100 00000000 :  t1 := (gr0 NOT); 
 57 : 011 00 0 00 00 00 00 1 0001 1000 0110 01000000 :  ac := ( +1+ t1); 
    :                                                : JMP   64;
 58 : 000 00 0 11 00 00 00 1 1000 0101 1101 00000000 :  t1 := (gr1 NOT); 
 59 : 011 00 0 00 00 00 00 1 0001 1000 0110 01000000 :  ac := ( +1+ t1); 
    :                                                : JMP   64;
 60 : 000 00 0 11 00 00 00 1 1000 0101 1110 00000000 :  t1 := (gr2 NOT); 
 61 : 011 00 0 00 00 00 00 1 0001 1000 0110 01000000 :  ac := ( +1+ t1); 
    :                                                : JMP   64;
 62 : 000 00 0 11 00 00 00 1 1000 0101 1111 00000000 :  t1 := (gr3 NOT); 
 63 : 011 00 0 00 00 00 00 1 0001 1000 0110 01000000 :  ac := ( +1+ t1); 
    :                                                : JMP   64;
    : Adds negative value to Register 1 and stores in Register 1
 64 : 110  01000001   01000010   01000011   01000100 : JIR[3:2]  65  66  67  68
 65 : 011 00 0 00 00 00 00 1 1100 1100 0001 00000011 : gr0 := ( ac+gr0); 
    :                                                : JMP    3;
 66 : 011 00 0 00 00 00 00 1 1101 1101 0001 00000011 : gr1 := ( ac+gr1); 
    :                                                : JMP    3;
 67 : 011 00 0 00 00 00 00 1 1110 1110 0001 00000011 : gr2 := ( ac+gr2); 
    :                                                : JMP    3;
 68 : 011 00 0 00 00 00 00 1 1111 1111 0001 00000011 : gr3 := ( ac+gr3); 
    :                                                : JMP    3;


=================== Main Memory Section =====================


  0 : 01010000 : 50=+080 : clr gr0
  1 : 01010100 : 54=+084 : clr gr1
  2 : 01011011 : 5B=+091 : clr gr2

  3 : 00000001 : 01=+001 : nop

  4 : 01110110 : 76=+118 : inc gr1
  5 : 01111000 : 78=+120 : inc gr2
  6 : 00000100 : 04=+004 : br
  7 : 00101000 : 28=+040 :  <==>               sub gr2, gr0

    * 
 16 : 00000010 : 02=+002 : nop
 17 : 00000000 : 00=+000 : hlt


    * 
 40 : 01101001 : 69=+105 : neg gr2
 41 : 01110100 : 74=+116 : inc gr1
 42 : 00110001 : 31=+049 : add gr0, gr1
 43 : 01010101 : 55=+085 : clr gr1
 44 : 00100010 : 22=+034 : sub gr0, gr2
 45 : 00110100 : 34=+052 : add gr1, gr0
 46 : 01010000 : 50=+080 : clr gr0
 47 : 01111000 : 78=+120 : inc gr2
 48 : 00000100 : 04=+004 : br
 49 : 00010000 : 10=+016 :  <==>               nop

=================== Input Specification Section =====================




=================== Tracing Output Section =====================

            :  pc:00=+000; psw:???????;  ir:50=+080; clr gr0
            : gr0:???????; gr1:???????; gr2:???????; gr3:???????; 
            : rcs:10000000 rbf:00=+000; xcs:10000000 xbf:00=+000; int: 000; 
     Mem[0] :  50=+080 54=+084 5B=+091 01=+001 76=+118 78=+120 04=+004 28=+040
    Mem[16] :  02=+002 00=+000 ??????? ??????? ??????? ??????? ??????? ???????
    Mem[40] :  69=+105 74=+116 31=+049 55=+085 22=+034 34=+052 50=+080 78=+120
    Mem[48] :  04=+004 10=+016 ??????? ??????? ??????? ??????? ??????? ???????

            :  pc:01=+001; psw:???????;  ir:54=+084; clr gr1
            : gr0:00=+000; gr1:???????; gr2:???????; gr3:???????; 
            : rcs:10000000 rbf:00=+000; xcs:10000000 xbf:00=+000; int: 000; 
     Mem[0] :  50=+080 54=+084 5B=+091 01=+001 76=+118 78=+120 04=+004 28=+040
    Mem[16] :  02=+002 00=+000 ??????? ??????? ??????? ??????? ??????? ???????
    Mem[40] :  69=+105 74=+116 31=+049 55=+085 22=+034 34=+052 50=+080 78=+120
    Mem[48] :  04=+004 10=+016 ??????? ??????? ??????? ??????? ??????? ???????

            :  pc:02=+002; psw:???????;  ir:5B=+091; clr gr2
            : gr0:00=+000; gr1:00=+000; gr2:???????; gr3:???????; 
            : rcs:10000000 rbf:00=+000; xcs:10000000 xbf:00=+000; int: 000; 
     Mem[0] :  50=+080 54=+084 5B=+091 01=+001 76=+118 78=+120 04=+004 28=+040
    Mem[16] :  02=+002 00=+000 ??????? ??????? ??????? ??????? ??????? ???????
    Mem[40] :  69=+105 74=+116 31=+049 55=+085 22=+034 34=+052 50=+080 78=+120
    Mem[48] :  04=+004 10=+016 ??????? ??????? ??????? ??????? ??????? ???????

            :  pc:03=+003; psw:???????;  ir:01=+001; nop
            : gr0:00=+000; gr1:00=+000; gr2:00=+000; gr3:???????; 
            : rcs:10000000 rbf:00=+000; xcs:10000000 xbf:00=+000; int: 000; 
     Mem[0] :  50=+080 54=+084 5B=+091 01=+001 76=+118 78=+120 04=+004 28=+040
    Mem[16] :  02=+002 00=+000 ??????? ??????? ??????? ??????? ??????? ???????
    Mem[40] :  69=+105 74=+116 31=+049 55=+085 22=+034 34=+052 50=+080 78=+120
    Mem[48] :  04=+004 10=+016 ??????? ??????? ??????? ??????? ??????? ???????

            :  pc:04=+004; psw:???????;  ir:76=+118; inc gr1
            : gr0:00=+000; gr1:00=+000; gr2:00=+000; gr3:???????; 
            : rcs:10000000 rbf:00=+000; xcs:10000000 xbf:00=+000; int: 000; 
     Mem[0] :  50=+080 54=+084 5B=+091 01=+001 76=+118 78=+120 04=+004 28=+040
    Mem[16] :  02=+002 00=+000 ??????? ??????? ??????? ??????? ??????? ???????
    Mem[40] :  69=+105 74=+116 31=+049 55=+085 22=+034 34=+052 50=+080 78=+120
    Mem[48] :  04=+004 10=+016 ??????? ??????? ??????? ??????? ??????? ???????

            :  pc:05=+005; psw:???????;  ir:78=+120; inc gr2
            : gr0:00=+000; gr1:01=+001; gr2:00=+000; gr3:???????; 
            : rcs:10000000 rbf:00=+000; xcs:10000000 xbf:00=+000; int: 000; 
     Mem[0] :  50=+080 54=+084 5B=+091 01=+001 76=+118 78=+120 04=+004 28=+040
    Mem[16] :  02=+002 00=+000 ??????? ??????? ??????? ??????? ??????? ???????
    Mem[40] :  69=+105 74=+116 31=+049 55=+085 22=+034 34=+052 50=+080 78=+120
    Mem[48] :  04=+004 10=+016 ??????? ??????? ??????? ??????? ??????? ???????

            :  pc:06=+006; psw:???????;  ir:04=+004; br
            : gr0:00=+000; gr1:01=+001; gr2:01=+001; gr3:???????; 
            : rcs:10000000 rbf:00=+000; xcs:10000000 xbf:00=+000; int: 000; 
     Mem[0] :  50=+080 54=+084 5B=+091 01=+001 76=+118 78=+120 04=+004 28=+040
    Mem[16] :  02=+002 00=+000 ??????? ??????? ??????? ??????? ??????? ???????
    Mem[40] :  69=+105 74=+116 31=+049 55=+085 22=+034 34=+052 50=+080 78=+120
    Mem[48] :  04=+004 10=+016 ??????? ??????? ??????? ??????? ??????? ???????

            :  pc:28=+040; psw:???????;  ir:69=+105; neg gr2
            : gr0:00=+000; gr1:01=+001; gr2:01=+001; gr3:???????; 
            : rcs:10000000 rbf:00=+000; xcs:10000000 xbf:00=+000; int: 000; 
     Mem[0] :  50=+080 54=+084 5B=+091 01=+001 76=+118 78=+120 04=+004 28=+040
    Mem[16] :  02=+002 00=+000 ??????? ??????? ??????? ??????? ??????? ???????
    Mem[40] :  69=+105 74=+116 31=+049 55=+085 22=+034 34=+052 50=+080 78=+120
    Mem[48] :  04=+004 10=+016 ??????? ??????? ??????? ??????? ??????? ???????

            :  pc:29=+041; psw:???????;  ir:74=+116; inc gr1
            : gr0:00=+000; gr1:01=+001; gr2:FF=-001; gr3:???????; 
            : rcs:10000000 rbf:00=+000; xcs:10000000 xbf:00=+000; int: 000; 
     Mem[0] :  50=+080 54=+084 5B=+091 01=+001 76=+118 78=+120 04=+004 28=+040
    Mem[16] :  02=+002 00=+000 ??????? ??????? ??????? ??????? ??????? ???????
    Mem[40] :  69=+105 74=+116 31=+049 55=+085 22=+034 34=+052 50=+080 78=+120
    Mem[48] :  04=+004 10=+016 ??????? ??????? ??????? ??????? ??????? ???????

            :  pc:2A=+042; psw:???????;  ir:31=+049; add gr0, gr1
            : gr0:00=+000; gr1:02=+002; gr2:FF=-001; gr3:???????; 
            : rcs:10000000 rbf:00=+000; xcs:10000000 xbf:00=+000; int: 000; 
     Mem[0] :  50=+080 54=+084 5B=+091 01=+001 76=+118 78=+120 04=+004 28=+040
    Mem[16] :  02=+002 00=+000 ??????? ??????? ??????? ??????? ??????? ???????
    Mem[40] :  69=+105 74=+116 31=+049 55=+085 22=+034 34=+052 50=+080 78=+120
    Mem[48] :  04=+004 10=+016 ??????? ??????? ??????? ??????? ??????? ???????

            :  pc:2B=+043; psw:???????;  ir:55=+085; clr gr1
            : gr0:02=+002; gr1:02=+002; gr2:FF=-001; gr3:???????; 
            : rcs:10000000 rbf:00=+000; xcs:10000000 xbf:00=+000; int: 000; 
     Mem[0] :  50=+080 54=+084 5B=+091 01=+001 76=+118 78=+120 04=+004 28=+040
    Mem[16] :  02=+002 00=+000 ??????? ??????? ??????? ??????? ??????? ???????
    Mem[40] :  69=+105 74=+116 31=+049 55=+085 22=+034 34=+052 50=+080 78=+120
    Mem[48] :  04=+004 10=+016 ??????? ??????? ??????? ??????? ??????? ???????

            :  pc:2C=+044; psw:???????;  ir:22=+034; sub gr0, gr2
            : gr0:02=+002; gr1:00=+000; gr2:FF=-001; gr3:???????; 
            : rcs:10000000 rbf:00=+000; xcs:10000000 xbf:00=+000; int: 000; 
     Mem[0] :  50=+080 54=+084 5B=+091 01=+001 76=+118 78=+120 04=+004 28=+040
    Mem[16] :  02=+002 00=+000 ??????? ??????? ??????? ??????? ??????? ???????
    Mem[40] :  69=+105 74=+116 31=+049 55=+085 22=+034 34=+052 50=+080 78=+120
    Mem[48] :  04=+004 10=+016 ??????? ??????? ??????? ??????? ??????? ???????

            :  pc:2D=+045; psw:???????;  ir:34=+052; add gr1, gr0
            : gr0:03=+003; gr1:00=+000; gr2:FF=-001; gr3:???????; 
            : rcs:10000000 rbf:00=+000; xcs:10000000 xbf:00=+000; int: 000; 
     Mem[0] :  50=+080 54=+084 5B=+091 01=+001 76=+118 78=+120 04=+004 28=+040
    Mem[16] :  02=+002 00=+000 ??????? ??????? ??????? ??????? ??????? ???????
    Mem[40] :  69=+105 74=+116 31=+049 55=+085 22=+034 34=+052 50=+080 78=+120
    Mem[48] :  04=+004 10=+016 ??????? ??????? ??????? ??????? ??????? ???????

            :  pc:2E=+046; psw:???????;  ir:50=+080; clr gr0
            : gr0:03=+003; gr1:03=+003; gr2:FF=-001; gr3:???????; 
            : rcs:10000000 rbf:00=+000; xcs:10000000 xbf:00=+000; int: 000; 
     Mem[0] :  50=+080 54=+084 5B=+091 01=+001 76=+118 78=+120 04=+004 28=+040
    Mem[16] :  02=+002 00=+000 ??????? ??????? ??????? ??????? ??????? ???????
    Mem[40] :  69=+105 74=+116 31=+049 55=+085 22=+034 34=+052 50=+080 78=+120
    Mem[48] :  04=+004 10=+016 ??????? ??????? ??????? ??????? ??????? ???????

            :  pc:2F=+047; psw:???????;  ir:78=+120; inc gr2
            : gr0:00=+000; gr1:03=+003; gr2:FF=-001; gr3:???????; 
            : rcs:10000000 rbf:00=+000; xcs:10000000 xbf:00=+000; int: 000; 
     Mem[0] :  50=+080 54=+084 5B=+091 01=+001 76=+118 78=+120 04=+004 28=+040
    Mem[16] :  02=+002 00=+000 ??????? ??????? ??????? ??????? ??????? ???????
    Mem[40] :  69=+105 74=+116 31=+049 55=+085 22=+034 34=+052 50=+080 78=+120
    Mem[48] :  04=+004 10=+016 ??????? ??????? ??????? ??????? ??????? ???????

            :  pc:30=+048; psw:???????;  ir:04=+004; br
            : gr0:00=+000; gr1:03=+003; gr2:00=+000; gr3:???????; 
            : rcs:10000000 rbf:00=+000; xcs:10000000 xbf:00=+000; int: 000; 
     Mem[0] :  50=+080 54=+084 5B=+091 01=+001 76=+118 78=+120 04=+004 28=+040
    Mem[16] :  02=+002 00=+000 ??????? ??????? ??????? ??????? ??????? ???????
    Mem[40] :  69=+105 74=+116 31=+049 55=+085 22=+034 34=+052 50=+080 78=+120
    Mem[48] :  04=+004 10=+016 ??????? ??????? ??????? ??????? ??????? ???????

            :  pc:10=+016; psw:???????;  ir:02=+002; nop
            : gr0:00=+000; gr1:03=+003; gr2:00=+000; gr3:???????; 
            : rcs:10000000 rbf:00=+000; xcs:10000000 xbf:00=+000; int: 000; 
     Mem[0] :  50=+080 54=+084 5B=+091 01=+001 76=+118 78=+120 04=+004 28=+040
    Mem[16] :  02=+002 00=+000 ??????? ??????? ??????? ??????? ??????? ???????
    Mem[40] :  69=+105 74=+116 31=+049 55=+085 22=+034 34=+052 50=+080 78=+120
    Mem[48] :  04=+004 10=+016 ??????? ??????? ??????? ??????? ??????? ???????

            :  pc:11=+017; psw:???????;  ir:00=+000; hlt
            : gr0:00=+000; gr1:03=+003; gr2:00=+000; gr3:???????; 
            : rcs:10000000 rbf:00=+000; xcs:10000000 xbf:00=+000; int: 000; 
     Mem[0] :  50=+080 54=+084 5B=+091 01=+001 76=+118 78=+120 04=+004 28=+040
    Mem[16] :  02=+002 00=+000 ??????? ??????? ??????? ??????? ??????? ???????
    Mem[40] :  69=+105 74=+116 31=+049 55=+085 22=+034 34=+052 50=+080 78=+120
    Mem[48] :  04=+004 10=+016 ??????? ??????? ??????? ??????? ??????? ???????




Execution terminated normally at microword 255.


mpc : cycle : 
255 :   180 : JIR[1:0] 255  18  18  18
            : alt:11=+017; blt:01=+001; amx:11=+017; alu:12=+018; sft:12=+018; 
            :  pc:12=+018;  ac:03=+003;  sp:???????;  ir:00=+000; tir:???????; 
            :  t1:10=+016;  t2:???????;  t3:???????; psw:???????; 
            : gr0:00=+000; gr1:03=+003; gr2:00=+000; gr3:???????; 
            : mar:11=+017; mbr:00=+000
            : rcs:10000000 rbf:00=+000; xcs:10000000 xbf:00=+000; int: 000; 

            :  pc:12=+018; psw:???????;  ir:00=+000; hlt
            : gr0:00=+000; gr1:03=+003; gr2:00=+000; gr3:???????; 
            : rcs:10000000 rbf:00=+000; xcs:10000000 xbf:00=+000; int: 000; 
     Mem[0] :  50=+080 54=+084 5B=+091 01=+001 76=+118 78=+120 04=+004 28=+040
    Mem[16] :  02=+002 00=+000 ??????? ??????? ??????? ??????? ??????? ???????
    Mem[40] :  69=+105 74=+116 31=+049 55=+085 22=+034 34=+052 50=+080 78=+120
    Mem[48] :  04=+004 10=+016 ??????? ??????? ??????? ??????? ??????? ???????



